#
# There is insufficient memory for the Java Runtime Environment to continue.
# Native memory allocation (mmap) failed to map 20971520 bytes. Error detail: G1 virtual space
# Possible reasons:
#   The system is out of physical RAM or swap space
#   This process is running with CompressedOops enabled, and the Java Heap may be blocking the growth of the native heap
# Possible solutions:
#   Reduce memory load on the system
#   Increase physical memory or swap space
#   Check if swap backing store is full
#   Decrease Java heap size (-Xmx/-Xms)
#   Decrease number of Java threads
#   Decrease Java thread stack sizes (-Xss)
#   Set larger code cache with -XX:ReservedCodeCacheSize=
#   JVM is running with Unscaled Compressed Oops mode in which the Java heap is
#     placed in the first 4GB address space. The Java Heap base address is the
#     maximum limit for the native heap growth. Please use -XX:HeapBaseMinAddress
#     to set the Java Heap base and to place the Java Heap above 4GB virtual address.
# This output file may be truncated or incomplete.
#
#  Out of Memory Error (os_windows.cpp:3825), pid=11728, tid=11524
#
# JRE version: OpenJDK Runtime Environment (17.0.11) (build 17.0.11+0--11852314)
# Java VM: OpenJDK 64-Bit Server VM (17.0.11+0--11852314, mixed mode, tiered, compressed oops, compressed class ptrs, g1 gc, windows-amd64)
# No core dump will be written. Minidumps are not enabled by default on client versions of Windows
#

---------------  S U M M A R Y ------------

Command Line: org.jetbrains.kotlin.cli.jvm.K2JVMCompiler @C:\Users\nanas\AndroidStudioProjects\StepAssist\app\build\20241003_18004990460295660155.compiler.options

Host: Intel(R) Core(TM) i3-8145U CPU @ 2.10GHz, 4 cores, 3G,  Windows 11 , 64 bit Build 22621 (10.0.22621.3958)
Time: Thu Oct  3 01:06:14 2024 Mauritius Standard Time elapsed time: 9.198595 seconds (0d 0h 0m 9s)

---------------  T H R E A D  ---------------

Current thread (0x00000205290830f0):  VMThread "VM Thread" [stack: 0x0000005a15800000,0x0000005a15900000] [id=11524]

Stack: [0x0000005a15800000,0x0000005a15900000]
Native frames: (J=compiled Java code, j=interpreted, Vv=VM code, C=native code)
V  [jvm.dll+0x687bb9]
V  [jvm.dll+0x84142a]
V  [jvm.dll+0x8430ae]
V  [jvm.dll+0x843713]
V  [jvm.dll+0x24a35f]
V  [jvm.dll+0x684989]
V  [jvm.dll+0x67923a]
V  [jvm.dll+0x30af0b]
V  [jvm.dll+0x3123b6]
V  [jvm.dll+0x361dfe]
V  [jvm.dll+0x36202f]
V  [jvm.dll+0x2e0d38]
V  [jvm.dll+0x2df144]
V  [jvm.dll+0x2de74c]
V  [jvm.dll+0x32305b]
V  [jvm.dll+0x847e0b]
V  [jvm.dll+0x848b42]
V  [jvm.dll+0x84905d]
V  [jvm.dll+0x849434]
V  [jvm.dll+0x849500]
V  [jvm.dll+0x7efa4a]
V  [jvm.dll+0x686a35]
C  [ucrtbase.dll+0x29333]
C  [KERNEL32.DLL+0x1257d]
C  [ntdll.dll+0x5af28]

VM_Operation (0x0000005a152fbd90): G1CollectForAllocation, mode: safepoint, requested by thread 0x00000205121db570


---------------  P R O C E S S  ---------------

Threads class SMR info:
_java_thread_list=0x0000020529461ae0, length=12, elements={
0x00000205121db570, 0x00000205290a9280, 0x00000205290aa100, 0x0000020529090c20,
0x00000205290919b0, 0x00000205290ea030, 0x00000205290ea900, 0x00000205290eb5b0,
0x00000205290ed070, 0x0000020529395300, 0x000002052947f920, 0x00000205294902e0
}

Java Threads: ( => current thread )
  0x00000205121db570 JavaThread "main" [_thread_blocked, id=15920, stack(0x0000005a15200000,0x0000005a15300000)]
  0x00000205290a9280 JavaThread "Reference Handler" daemon [_thread_blocked, id=13324, stack(0x0000005a15900000,0x0000005a15a00000)]
  0x00000205290aa100 JavaThread "Finalizer" daemon [_thread_blocked, id=11020, stack(0x0000005a15a00000,0x0000005a15b00000)]
  0x0000020529090c20 JavaThread "Signal Dispatcher" daemon [_thread_blocked, id=14476, stack(0x0000005a15b00000,0x0000005a15c00000)]
  0x00000205290919b0 JavaThread "Attach Listener" daemon [_thread_blocked, id=21488, stack(0x0000005a15c00000,0x0000005a15d00000)]
  0x00000205290ea030 JavaThread "Service Thread" daemon [_thread_blocked, id=2680, stack(0x0000005a15d00000,0x0000005a15e00000)]
  0x00000205290ea900 JavaThread "Monitor Deflation Thread" daemon [_thread_blocked, id=16636, stack(0x0000005a15e00000,0x0000005a15f00000)]
  0x00000205290eb5b0 JavaThread "C2 CompilerThread0" daemon [_thread_blocked, id=9888, stack(0x0000005a15f00000,0x0000005a16000000)]
  0x00000205290ed070 JavaThread "C1 CompilerThread0" daemon [_thread_blocked, id=18496, stack(0x0000005a16000000,0x0000005a16100000)]
  0x0000020529395300 JavaThread "Sweeper thread" daemon [_thread_blocked, id=21424, stack(0x0000005a16100000,0x0000005a16200000)]
  0x000002052947f920 JavaThread "Notification Thread" daemon [_thread_blocked, id=10300, stack(0x0000005a16200000,0x0000005a16300000)]
  0x00000205294902e0 JavaThread "Common-Cleaner" daemon [_thread_blocked, id=13244, stack(0x0000005a16400000,0x0000005a16500000)]

Other Threads:
=>0x00000205290830f0 VMThread "VM Thread" [stack: 0x0000005a15800000,0x0000005a15900000] [id=11524]
  0x000002051227dbd0 WatcherThread [stack: 0x0000005a16300000,0x0000005a16400000] [id=9096]
  0x00000205122188a0 GCTaskThread "GC Thread#0" [stack: 0x0000005a15300000,0x0000005a15400000] [id=2156]
  0x00000205298517f0 GCTaskThread "GC Thread#1" [stack: 0x0000005a16500000,0x0000005a16600000] [id=19712]
  0x00000205298b3290 GCTaskThread "GC Thread#2" [stack: 0x0000005a16600000,0x0000005a16700000] [id=4824]
  0x00000205298b3550 GCTaskThread "GC Thread#3" [stack: 0x0000005a16700000,0x0000005a16800000] [id=21652]
  0x0000020512221430 ConcurrentGCThread "G1 Main Marker" [stack: 0x0000005a15400000,0x0000005a15500000] [id=16168]
  0x0000020512221e50 ConcurrentGCThread "G1 Conc#0" [stack: 0x0000005a15500000,0x0000005a15600000] [id=22840]
  0x0000020512270290 ConcurrentGCThread "G1 Refine#0" [stack: 0x0000005a15600000,0x0000005a15700000] [id=5728]
  0x0000020512270cc0 ConcurrentGCThread "G1 Service" [stack: 0x0000005a15700000,0x0000005a15800000] [id=20960]

Threads with active compile tasks:

VM state: at safepoint (normal execution)

VM Mutex/Monitor currently owned by a thread:  ([mutex/lock_event])
[0x00000205121d6560] Threads_lock - owner thread: 0x00000205290830f0
[0x00000205121d6200] Heap_lock - owner thread: 0x00000205121db570

Heap address: 0x00000000c1e00000, size: 994 MB, Compressed Oops mode: 32-bit

CDS archive(s) not mapped
Compressed class space mapped at: 0x0000000100000000-0x0000000140000000, reserved size: 1073741824
Narrow klass base: 0x0000000000000000, Narrow klass shift: 3, Narrow klass range: 0x140000000

GC Precious Log:
 CPUs: 4 total, 4 available
 Memory: 3970M
 Large Page Support: Disabled
 NUMA Support: Disabled
 Compressed Oops: Enabled (32-bit)
 Heap Region Size: 1M
 Heap Min Capacity: 8M
 Heap Initial Capacity: 64M
 Heap Max Capacity: 994M
 Pre-touch: Disabled
 Parallel Workers: 4
 Concurrent Workers: 1
 Concurrent Refinement Workers: 4
 Periodic GC: Disabled

Heap:
 garbage-first heap   total 39936K, used 20224K [0x00000000c1e00000, 0x0000000100000000)
  region size 1024K, 2 young (2048K), 2 survivors (2048K)
 Metaspace       used 36078K, committed 36288K, reserved 1114112K
  class space    used 4568K, committed 4672K, reserved 1048576K

Heap Regions: E=young(eden), S=young(survivor), O=old, HS=humongous(starts), HC=humongous(continues), CS=collection set, F=free, OA=open archive, CA=closed archive, TAMS=top-at-mark-start (previous, next)
|   0|0x00000000c1e00000, 0x00000000c1f00000, 0x00000000c1f00000|100%|HS|  |TAMS 0x00000000c1f00000, 0x00000000c1f00000| Complete 
|   1|0x00000000c1f00000, 0x00000000c2000000, 0x00000000c2000000|100%|HC|  |TAMS 0x00000000c2000000, 0x00000000c2000000| Complete 
|   2|0x00000000c2000000, 0x00000000c2100000, 0x00000000c2100000|100%|HC|  |TAMS 0x00000000c2100000, 0x00000000c2100000| Complete 
|   3|0x00000000c2100000, 0x00000000c2200000, 0x00000000c2200000|100%|HC|  |TAMS 0x00000000c2200000, 0x00000000c2200000| Complete 
|   4|0x00000000c2200000, 0x00000000c22f6200, 0x00000000c2300000| 96%| O|  |TAMS 0x00000000c22f6200, 0x00000000c22f6200| Untracked 
|   5|0x00000000c2300000, 0x00000000c2400000, 0x00000000c2400000|100%| O|  |TAMS 0x00000000c2400000, 0x00000000c2400000| Untracked 
|   6|0x00000000c2400000, 0x00000000c2400000, 0x00000000c2500000|  0%| F|  |TAMS 0x00000000c2400000, 0x00000000c2400000| Untracked 
|   7|0x00000000c2500000, 0x00000000c2600000, 0x00000000c2600000|100%| O|  |TAMS 0x00000000c2600000, 0x00000000c2600000| Untracked 
|   8|0x00000000c2600000, 0x00000000c2700000, 0x00000000c2700000|100%| O|  |TAMS 0x00000000c2700000, 0x00000000c2700000| Untracked 
|   9|0x00000000c2700000, 0x00000000c2800000, 0x00000000c2800000|100%| O|  |TAMS 0x00000000c2700000, 0x00000000c2800000| Untracked 
|  10|0x00000000c2800000, 0x00000000c2900000, 0x00000000c2900000|100%| O|  |TAMS 0x00000000c2800000, 0x00000000c2900000| Untracked 
|  11|0x00000000c2900000, 0x00000000c2a00000, 0x00000000c2a00000|100%| O|  |TAMS 0x00000000c2a00000, 0x00000000c2a00000| Untracked 
|  12|0x00000000c2a00000, 0x00000000c2b00000, 0x00000000c2b00000|100%| O|  |TAMS 0x00000000c2b00000, 0x00000000c2b00000| Untracked 
|  13|0x00000000c2b00000, 0x00000000c2c00000, 0x00000000c2c00000|100%| O|  |TAMS 0x00000000c2c00000, 0x00000000c2c00000| Untracked 
|  14|0x00000000c2c00000, 0x00000000c2c00000, 0x00000000c2d00000|  0%| F|  |TAMS 0x00000000c2c00000, 0x00000000c2c00000| Untracked 
|  15|0x00000000c2d00000, 0x00000000c2e00000, 0x00000000c2e00000|100%| O|  |TAMS 0x00000000c2e00000, 0x00000000c2e00000| Untracked 
|  16|0x00000000c2e00000, 0x00000000c2f00000, 0x00000000c2f00000|100%| O|  |TAMS 0x00000000c2f00000, 0x00000000c2f00000| Untracked 
|  17|0x00000000c2f00000, 0x00000000c3000000, 0x00000000c3000000|100%| O|  |TAMS 0x00000000c2fa3e00, 0x00000000c3000000| Untracked 
|  18|0x00000000c3000000, 0x00000000c3100000, 0x00000000c3100000|100%| O|  |TAMS 0x00000000c3000000, 0x00000000c3100000| Untracked 
|  19|0x00000000c3100000, 0x00000000c3200000, 0x00000000c3200000|100%| O|  |TAMS 0x00000000c3100000, 0x00000000c3200000| Untracked 
|  20|0x00000000c3200000, 0x00000000c326b000, 0x00000000c3300000| 41%| O|  |TAMS 0x00000000c3200000, 0x00000000c326b000| Untracked 
|  21|0x00000000c3300000, 0x00000000c3300000, 0x00000000c3400000|  0%| F|  |TAMS 0x00000000c3300000, 0x00000000c3300000| Untracked 
|  22|0x00000000c3400000, 0x00000000c3400000, 0x00000000c3500000|  0%| F|  |TAMS 0x00000000c3400000, 0x00000000c3400000| Untracked 
|  23|0x00000000c3500000, 0x00000000c3500000, 0x00000000c3600000|  0%| F|  |TAMS 0x00000000c3500000, 0x00000000c3500000| Untracked 
|  24|0x00000000c3600000, 0x00000000c3600000, 0x00000000c3700000|  0%| F|  |TAMS 0x00000000c3600000, 0x00000000c3600000| Untracked 
|  25|0x00000000c3700000, 0x00000000c3700000, 0x00000000c3800000|  0%| F|  |TAMS 0x00000000c3700000, 0x00000000c3700000| Untracked 
|  26|0x00000000c3800000, 0x00000000c385f0c0, 0x00000000c3900000| 37%| S|CS|TAMS 0x00000000c3800000, 0x00000000c3800000| Complete 
|  27|0x00000000c3900000, 0x00000000c3a00000, 0x00000000c3a00000|100%| S|CS|TAMS 0x00000000c3900000, 0x00000000c3900000| Complete 
|  28|0x00000000c3a00000, 0x00000000c3a00000, 0x00000000c3b00000|  0%| F|  |TAMS 0x00000000c3a00000, 0x00000000c3a00000| Untracked 
|  29|0x00000000c3b00000, 0x00000000c3b00000, 0x00000000c3c00000|  0%| F|  |TAMS 0x00000000c3b00000, 0x00000000c3b00000| Untracked 
|  30|0x00000000c3c00000, 0x00000000c3c00000, 0x00000000c3d00000|  0%| F|  |TAMS 0x00000000c3c00000, 0x00000000c3c00000| Untracked 
|  31|0x00000000c3d00000, 0x00000000c3d00000, 0x00000000c3e00000|  0%| F|  |TAMS 0x00000000c3d00000, 0x00000000c3d00000| Untracked 
|  32|0x00000000c3e00000, 0x00000000c3e00000, 0x00000000c3f00000|  0%| F|  |TAMS 0x00000000c3e00000, 0x00000000c3e00000| Untracked 
|  33|0x00000000c3f00000, 0x00000000c3f00000, 0x00000000c4000000|  0%| F|  |TAMS 0x00000000c3f00000, 0x00000000c3f00000| Untracked 
|  34|0x00000000c4000000, 0x00000000c4000000, 0x00000000c4100000|  0%| F|  |TAMS 0x00000000c4000000, 0x00000000c4000000| Untracked 
|  35|0x00000000c4100000, 0x00000000c4100000, 0x00000000c4200000|  0%| F|  |TAMS 0x00000000c4100000, 0x00000000c4100000| Untracked 
|  36|0x00000000c4200000, 0x00000000c4200000, 0x00000000c4300000|  0%| F|  |TAMS 0x00000000c4200000, 0x00000000c4200000| Untracked 
|  37|0x00000000c4300000, 0x00000000c4300000, 0x00000000c4400000|  0%| F|  |TAMS 0x00000000c4300000, 0x00000000c4300000| Untracked 
|  63|0x00000000c5d00000, 0x00000000c5d00000, 0x00000000c5e00000|  0%| F|  |TAMS 0x00000000c5d00000, 0x00000000c5d00000| Untracked 

Card table byte_map: [0x00000205248b0000,0x0000020524ab0000] _byte_map_base: 0x00000205242a1000

Marking Bits (Prev, Next): (CMBitMap*) 0x0000020512218ec0, (CMBitMap*) 0x0000020512218f00
 Prev Bits: [0x0000020524cb0000, 0x0000020525c38000)
 Next Bits: [0x0000020525c40000, 0x0000020526bc8000)

Polling page: 0x00000205100c0000

Metaspace:

Usage:
  Non-class:     30.77 MB used.
      Class:      4.46 MB used.
       Both:     35.23 MB used.

Virtual space:
  Non-class space:       64.00 MB reserved,      30.88 MB ( 48%) committed,  1 nodes.
      Class space:        1.00 GB reserved,       4.56 MB ( <1%) committed,  1 nodes.
             Both:        1.06 GB reserved,      35.44 MB (  3%) committed. 

Chunk freelists:
   Non-Class:  976.00 KB
       Class:  11.39 MB
        Both:  12.34 MB

MaxMetaspaceSize: unlimited
CompressedClassSpaceSize: 1.00 GB
Initial GC threshold: 21.00 MB
Current GC threshold: 54.94 MB
CDS: off
MetaspaceReclaimPolicy: balanced
 - commit_granule_bytes: 65536.
 - commit_granule_words: 8192.
 - virtual_space_node_default_size: 8388608.
 - enlarge_chunks_in_place: 1.
 - new_chunks_are_fully_committed: 0.
 - uncommit_free_chunks: 1.
 - use_allocation_guard: 0.
 - handle_deallocations: 1.


Internal statistics:

num_allocs_failed_limit: 3.
num_arena_births: 146.
num_arena_deaths: 0.
num_vsnodes_births: 2.
num_vsnodes_deaths: 0.
num_space_committed: 565.
num_space_uncommitted: 0.
num_chunks_returned_to_freelist: 3.
num_chunks_taken_from_freelist: 1112.
num_chunk_merges: 0.
num_chunk_splits: 905.
num_chunks_enlarged: 813.
num_inconsistent_stats: 0.

CodeHeap 'non-profiled nmethods': size=120000Kb used=1030Kb max_used=1030Kb free=118970Kb
 bounds [0x000002051d180000, 0x000002051d3f0000, 0x00000205246b0000]
CodeHeap 'profiled nmethods': size=120000Kb used=4849Kb max_used=4849Kb free=115150Kb
 bounds [0x00000205156b0000, 0x0000020515b70000, 0x000002051cbe0000]
CodeHeap 'non-nmethods': size=5760Kb used=1244Kb max_used=1279Kb free=4515Kb
 bounds [0x000002051cbe0000, 0x000002051ce50000, 0x000002051d180000]
 total_blobs=3056 nmethods=2504 adapters=464
 compilation: enabled
              stopped_count=0, restarted_count=0
 full_count=0

Compilation events (20 events):
Event: 9.175 Thread 0x00000205290ed070 2508       1       org.jetbrains.kotlin.com.intellij.util.containers.ConcurrentWeakKeySoftValueHashMap$HardKey::hashCode (5 bytes)
Event: 9.175 Thread 0x00000205290ed070 nmethod 2508 0x000002051d280790 code [0x000002051d280920, 0x000002051d2809f8]
Event: 9.175 Thread 0x00000205290ed070 2509       1       org.jetbrains.kotlin.com.intellij.util.containers.ConcurrentWeakKeySoftValueHashMap$WeakKey::hashCode (5 bytes)
Event: 9.175 Thread 0x00000205290ed070 nmethod 2509 0x000002051d280a90 code [0x000002051d280c20, 0x000002051d280cf8]
Event: 9.175 Thread 0x00000205290ed070 2510       1       org.jetbrains.kotlin.container.ClassInfo::getRegistrations (5 bytes)
Event: 9.175 Thread 0x00000205290ed070 nmethod 2510 0x000002051d280d90 code [0x000002051d280f20, 0x000002051d280ff8]
Event: 9.176 Thread 0x00000205290ed070 2513   !   3       jdk.internal.loader.AbstractClassLoaderValue::computeIfAbsent (113 bytes)
Event: 9.177 Thread 0x00000205290ed070 nmethod 2513 0x0000020515b64310 code [0x0000020515b645c0, 0x0000020515b65408]
Event: 9.177 Thread 0x00000205290ed070 2514       3       java.nio.ByteBuffer::<init> (47 bytes)
Event: 9.177 Thread 0x00000205290ed070 nmethod 2514 0x0000020515b65a10 code [0x0000020515b65bc0, 0x0000020515b65de8]
Event: 9.177 Thread 0x00000205290ed070 2515       3       sun.reflect.generics.tree.SimpleClassTypeSignature::make (11 bytes)
Event: 9.177 Thread 0x00000205290ed070 nmethod 2515 0x0000020515b65f10 code [0x0000020515b660c0, 0x0000020515b66378]
Event: 9.178 Thread 0x00000205290ed070 2516       3       org.jetbrains.kotlin.container.CacheKt::getSetterInfos (154 bytes)
Event: 9.181 Thread 0x00000205290ed070 nmethod 2516 0x0000020515b66490 code [0x0000020515b66ac0, 0x0000020515b69988]
Event: 9.181 Thread 0x00000205290ed070 2517       3       sun.reflect.annotation.AnnotationParser::parseStringArray (85 bytes)
Event: 9.181 Thread 0x00000205290ed070 nmethod 2517 0x0000020515b6ab10 code [0x0000020515b6ad20, 0x0000020515b6b4a8]
Event: 9.181 Thread 0x00000205290ed070 2518       3       kotlin.collections.CollectionsKt___CollectionsKt::single (68 bytes)
Event: 9.182 Thread 0x00000205290ed070 nmethod 2518 0x0000020515b6b790 code [0x0000020515b6ba00, 0x0000020515b6c318]
Event: 9.182 Thread 0x00000205290ed070 2519       1       org.jetbrains.kotlin.container.ComponentDescriptor::getShouldInjectProperties (2 bytes)
Event: 9.182 Thread 0x00000205290ed070 nmethod 2519 0x000002051d281510 code [0x000002051d2816a0, 0x000002051d281778]

GC Heap History (19 events):
Event: 1.515 GC heap before
{Heap before GC invocations=0 (full 0):
 garbage-first heap   total 65536K, used 18432K [0x00000000c1e00000, 0x0000000100000000)
  region size 1024K, 13 young (13312K), 0 survivors (0K)
 Metaspace       used 10520K, committed 10752K, reserved 1114112K
  class space    used 909K, committed 1024K, reserved 1048576K
}
Event: 1.525 GC heap after
{Heap after GC invocations=1 (full 0):
 garbage-first heap   total 65536K, used 6227K [0x00000000c1e00000, 0x0000000100000000)
  region size 1024K, 2 young (2048K), 2 survivors (2048K)
 Metaspace       used 10520K, committed 10752K, reserved 1114112K
  class space    used 909K, committed 1024K, reserved 1048576K
}
Event: 3.034 GC heap before
{Heap before GC invocations=1 (full 0):
 garbage-first heap   total 65536K, used 23635K [0x00000000c1e00000, 0x0000000100000000)
  region size 1024K, 19 young (19456K), 2 survivors (2048K)
 Metaspace       used 14717K, committed 14912K, reserved 1114112K
  class space    used 1459K, committed 1536K, reserved 1048576K
}
Event: 3.042 GC heap after
{Heap after GC invocations=2 (full 0):
 garbage-first heap   total 65536K, used 7889K [0x00000000c1e00000, 0x0000000100000000)
  region size 1024K, 2 young (2048K), 2 survivors (2048K)
 Metaspace       used 14717K, committed 14912K, reserved 1114112K
  class space    used 1459K, committed 1536K, reserved 1048576K
}
Event: 4.794 GC heap before
{Heap before GC invocations=2 (full 0):
 garbage-first heap   total 65536K, used 31441K [0x00000000c1e00000, 0x0000000100000000)
  region size 1024K, 26 young (26624K), 2 survivors (2048K)
 Metaspace       used 21342K, committed 21504K, reserved 1114112K
  class space    used 2322K, committed 2432K, reserved 1048576K
}
Event: 4.807 GC heap after
{Heap after GC invocations=3 (full 0):
 garbage-first heap   total 65536K, used 10200K [0x00000000c1e00000, 0x0000000100000000)
  region size 1024K, 4 young (4096K), 4 survivors (4096K)
 Metaspace       used 21342K, committed 21504K, reserved 1114112K
  class space    used 2322K, committed 2432K, reserved 1048576K
}
Event: 6.396 GC heap before
{Heap before GC invocations=4 (full 0):
 garbage-first heap   total 37888K, used 29656K [0x00000000c1e00000, 0x0000000100000000)
  region size 1024K, 24 young (24576K), 4 survivors (4096K)
 Metaspace       used 27842K, committed 28032K, reserved 1114112K
  class space    used 3280K, committed 3328K, reserved 1048576K
}
Event: 6.409 GC heap after
{Heap after GC invocations=5 (full 0):
 garbage-first heap   total 37888K, used 11508K [0x00000000c1e00000, 0x0000000100000000)
  region size 1024K, 4 young (4096K), 4 survivors (4096K)
 Metaspace       used 27842K, committed 28032K, reserved 1114112K
  class space    used 3280K, committed 3328K, reserved 1048576K
}
Event: 7.614 GC heap before
{Heap before GC invocations=5 (full 0):
 garbage-first heap   total 37888K, used 26868K [0x00000000c1e00000, 0x0000000100000000)
  region size 1024K, 20 young (20480K), 4 survivors (4096K)
 Metaspace       used 29456K, committed 29696K, reserved 1114112K
  class space    used 3621K, committed 3712K, reserved 1048576K
}
Event: 7.631 GC heap after
{Heap after GC invocations=6 (full 0):
 garbage-first heap   total 37888K, used 14924K [0x00000000c1e00000, 0x0000000100000000)
  region size 1024K, 3 young (3072K), 3 survivors (3072K)
 Metaspace       used 29456K, committed 29696K, reserved 1114112K
  class space    used 3621K, committed 3712K, reserved 1048576K
}
Event: 8.138 GC heap before
{Heap before GC invocations=6 (full 0):
 garbage-first heap   total 37888K, used 29260K [0x00000000c1e00000, 0x0000000100000000)
  region size 1024K, 15 young (15360K), 3 survivors (3072K)
 Metaspace       used 30768K, committed 31040K, reserved 1114112K
  class space    used 3959K, committed 4096K, reserved 1048576K
}
Event: 8.154 GC heap after
{Heap after GC invocations=7 (full 0):
 garbage-first heap   total 37888K, used 20072K [0x00000000c1e00000, 0x0000000100000000)
  region size 1024K, 2 young (2048K), 2 survivors (2048K)
 Metaspace       used 30768K, committed 31040K, reserved 1114112K
  class space    used 3959K, committed 4096K, reserved 1048576K
}
Event: 8.512 GC heap before
{Heap before GC invocations=7 (full 0):
 garbage-first heap   total 37888K, used 28264K [0x00000000c1e00000, 0x0000000100000000)
  region size 1024K, 10 young (10240K), 2 survivors (2048K)
 Metaspace       used 33447K, committed 33728K, reserved 1114112K
  class space    used 4270K, committed 4416K, reserved 1048576K
}
Event: 8.522 GC heap after
{Heap after GC invocations=8 (full 0):
 garbage-first heap   total 37888K, used 21129K [0x00000000c1e00000, 0x0000000100000000)
  region size 1024K, 1 young (1024K), 1 survivors (1024K)
 Metaspace       used 33447K, committed 33728K, reserved 1114112K
  class space    used 4270K, committed 4416K, reserved 1048576K
}
Event: 8.875 GC heap before
{Heap before GC invocations=9 (full 0):
 garbage-first heap   total 37888K, used 29321K [0x00000000c1e00000, 0x0000000100000000)
  region size 1024K, 9 young (9216K), 1 survivors (1024K)
 Metaspace       used 34494K, committed 34688K, reserved 1114112K
  class space    used 4389K, committed 4480K, reserved 1048576K
}
Event: 8.879 GC heap after
{Heap after GC invocations=10 (full 0):
 garbage-first heap   total 37888K, used 20243K [0x00000000c1e00000, 0x0000000100000000)
  region size 1024K, 2 young (2048K), 2 survivors (2048K)
 Metaspace       used 34494K, committed 34688K, reserved 1114112K
  class space    used 4389K, committed 4480K, reserved 1048576K
}
Event: 8.906 GC heap before
{Heap before GC invocations=10 (full 0):
 garbage-first heap   total 37888K, used 21267K [0x00000000c1e00000, 0x0000000100000000)
  region size 1024K, 3 young (3072K), 2 survivors (2048K)
 Metaspace       used 34500K, committed 34752K, reserved 1114112K
  class space    used 4389K, committed 4480K, reserved 1048576K
}
Event: 8.912 GC heap after
{Heap after GC invocations=11 (full 0):
 garbage-first heap   total 37888K, used 19181K [0x00000000c1e00000, 0x0000000100000000)
  region size 1024K, 1 young (1024K), 1 survivors (1024K)
 Metaspace       used 34500K, committed 34752K, reserved 1114112K
  class space    used 4389K, committed 4480K, reserved 1048576K
}
Event: 9.185 GC heap before
{Heap before GC invocations=11 (full 0):
 garbage-first heap   total 37888K, used 26349K [0x00000000c1e00000, 0x0000000100000000)
  region size 1024K, 9 young (9216K), 1 survivors (1024K)
 Metaspace       used 36078K, committed 36288K, reserved 1114112K
  class space    used 4568K, committed 4672K, reserved 1048576K
}

Dll operation events (2 events):
Event: 0.050 Loaded shared library C:\Program Files\Android\Android Studio\jbr\bin\java.dll
Event: 5.801 Loaded shared library C:\Program Files\Android\Android Studio\jbr\bin\verify.dll

Deoptimization events (20 events):
Event: 8.796 Thread 0x00000205121db570 DEOPT PACKING pc=0x000002051d261408 sp=0x0000005a152fe1a0
Event: 8.796 Thread 0x00000205121db570 DEOPT UNPACKING pc=0x000002051cc369a3 sp=0x0000005a152fe138 mode 2
Event: 8.870 Thread 0x00000205121db570 DEOPT PACKING pc=0x0000020515a5efbe sp=0x0000005a152fdb60
Event: 8.870 Thread 0x00000205121db570 DEOPT UNPACKING pc=0x000002051cc37143 sp=0x0000005a152fd000 mode 0
Event: 9.112 Thread 0x00000205121db570 Uncommon trap: trap_request=0xffffffc6 fr.pc=0x000002051d1df4e4 relative=0x0000000000000ac4
Event: 9.112 Thread 0x00000205121db570 Uncommon trap: reason=bimorphic_or_optimized_type_check action=maybe_recompile pc=0x000002051d1df4e4 method=java.util.HashMap.putVal(ILjava/lang/Object;Ljava/lang/Object;ZZ)Ljava/lang/Object; @ 91 c2
Event: 9.112 Thread 0x00000205121db570 DEOPT PACKING pc=0x000002051d1df4e4 sp=0x0000005a152fb0f0
Event: 9.112 Thread 0x00000205121db570 DEOPT UNPACKING pc=0x000002051cc369a3 sp=0x0000005a152fb080 mode 2
Event: 9.112 Thread 0x00000205121db570 Uncommon trap: trap_request=0xffffffc6 fr.pc=0x000002051d1df4e4 relative=0x0000000000000ac4
Event: 9.112 Thread 0x00000205121db570 Uncommon trap: reason=bimorphic_or_optimized_type_check action=maybe_recompile pc=0x000002051d1df4e4 method=java.util.HashMap.putVal(ILjava/lang/Object;Ljava/lang/Object;ZZ)Ljava/lang/Object; @ 91 c2
Event: 9.112 Thread 0x00000205121db570 DEOPT PACKING pc=0x000002051d1df4e4 sp=0x0000005a152fb0f0
Event: 9.112 Thread 0x00000205121db570 DEOPT UNPACKING pc=0x000002051cc369a3 sp=0x0000005a152fb080 mode 2
Event: 9.112 Thread 0x00000205121db570 Uncommon trap: trap_request=0xffffffc6 fr.pc=0x000002051d1df4e4 relative=0x0000000000000ac4
Event: 9.112 Thread 0x00000205121db570 Uncommon trap: reason=bimorphic_or_optimized_type_check action=maybe_recompile pc=0x000002051d1df4e4 method=java.util.HashMap.putVal(ILjava/lang/Object;Ljava/lang/Object;ZZ)Ljava/lang/Object; @ 91 c2
Event: 9.112 Thread 0x00000205121db570 DEOPT PACKING pc=0x000002051d1df4e4 sp=0x0000005a152fb0f0
Event: 9.112 Thread 0x00000205121db570 DEOPT UNPACKING pc=0x000002051cc369a3 sp=0x0000005a152fb080 mode 2
Event: 9.112 Thread 0x00000205121db570 Uncommon trap: trap_request=0xffffffc6 fr.pc=0x000002051d1df4e4 relative=0x0000000000000ac4
Event: 9.112 Thread 0x00000205121db570 Uncommon trap: reason=bimorphic_or_optimized_type_check action=maybe_recompile pc=0x000002051d1df4e4 method=java.util.HashMap.putVal(ILjava/lang/Object;Ljava/lang/Object;ZZ)Ljava/lang/Object; @ 91 c2
Event: 9.112 Thread 0x00000205121db570 DEOPT PACKING pc=0x000002051d1df4e4 sp=0x0000005a152fb0f0
Event: 9.112 Thread 0x00000205121db570 DEOPT UNPACKING pc=0x000002051cc369a3 sp=0x0000005a152fb080 mode 2

Classes unloaded (0 events):
No events

Classes redefined (0 events):
No events

Internal exceptions (20 events):
Event: 4.956 Thread 0x00000205121db570 Exception <a 'java/lang/NoSuchMethodError'{0x00000000c3b36238}: 'int java.lang.invoke.DirectMethodHandle$Holder.invokeSpecial(java.lang.Object, java.lang.Object, java.lang.Object)'> (0x00000000c3b36238) 
thrown [s\src\hotspot\share\interpreter\linkResolver.cpp, line 771]
Event: 4.957 Thread 0x00000205121db570 Exception <a 'java/lang/NoSuchMethodError'{0x00000000c3b39f28}: 'int java.lang.invoke.DirectMethodHandle$Holder.invokeSpecial(java.lang.Object, java.lang.Object, java.lang.Object, java.lang.Object)'> (0x00000000c3b39f28) 
thrown [s\src\hotspot\share\interpreter\linkResolver.cpp, line 771]
Event: 4.959 Thread 0x00000205121db570 Exception <a 'java/lang/NoSuchMethodError'{0x00000000c3b3d590}: 'int java.lang.invoke.Invokers$Holder.invoke_MT(java.lang.Object, java.lang.Object, java.lang.Object, java.lang.Object)'> (0x00000000c3b3d590) 
thrown [s\src\hotspot\share\interpreter\linkResolver.cpp, line 771]
Event: 4.969 Thread 0x00000205121db570 Exception <a 'java/lang/NoSuchMethodError'{0x00000000c3b4cb18}: 'void java.lang.invoke.DelegatingMethodHandle$Holder.reinvoke_L(java.lang.Object, java.lang.Object, java.lang.Object, long, java.lang.Object)'> (0x00000000c3b4cb18) 
thrown [s\src\hotspot\share\interpreter\linkResolver.cpp, line 771]
Event: 4.974 Thread 0x00000205121db570 Exception <a 'java/lang/NoSuchMethodError'{0x00000000c3b54878}: 'java.lang.Object java.lang.invoke.DirectMethodHandle$Holder.invokeSpecial(java.lang.Object, java.lang.Object, java.lang.Object, java.lang.Object, long)'> (0x00000000c3b54878) 
thrown [s\src\hotspot\share\interpreter\linkResolver.cpp, line 771]
Event: 4.976 Thread 0x00000205121db570 Exception <a 'java/lang/NoSuchMethodError'{0x00000000c3b63c38}: 'int java.lang.invoke.DelegatingMethodHandle$Holder.reinvoke_L(java.lang.Object, java.lang.Object, java.lang.Object, long, java.lang.Object, java.lang.Object)'> (0x00000000c3b63c38) 
thrown [s\src\hotspot\share\interpreter\linkResolver.cpp, line 771]
Event: 4.979 Thread 0x00000205121db570 Exception <a 'java/lang/NoSuchMethodError'{0x00000000c3b727c8}: 'int java.lang.invoke.DelegatingMethodHandle$Holder.reinvoke_L(java.lang.Object, java.lang.Object, java.lang.Object, long, int, int)'> (0x00000000c3b727c8) 
thrown [s\src\hotspot\share\interpreter\linkResolver.cpp, line 771]
Event: 5.006 Thread 0x00000205121db570 Exception <a 'java/lang/NoSuchMethodError'{0x00000000c3b81100}: 'int java.lang.invoke.DelegatingMethodHandle$Holder.reinvoke_L(java.lang.Object, java.lang.Object, java.lang.Object, long, long, long)'> (0x00000000c3b81100) 
thrown [s\src\hotspot\share\interpreter\linkResolver.cpp, line 771]
Event: 5.010 Thread 0x00000205121db570 Exception <a 'java/lang/NoSuchMethodError'{0x00000000c3b8f970}: 'int java.lang.invoke.DelegatingMethodHandle$Holder.reinvoke_L(java.lang.Object, java.lang.Object, java.lang.Object, long, int)'> (0x00000000c3b8f970) 
thrown [s\src\hotspot\share\interpreter\linkResolver.cpp, line 771]
Event: 5.070 Thread 0x00000205121db570 Exception <a 'java/lang/NoSuchMethodError'{0x00000000c3a36b20}: 'int java.lang.invoke.DirectMethodHandle$Holder.invokeStaticInit(java.lang.Object, java.lang.Object, java.lang.Object)'> (0x00000000c3a36b20) 
thrown [s\src\hotspot\share\interpreter\linkResolver.cpp, line 771]
Event: 5.090 Thread 0x00000205121db570 Exception <a 'java/lang/NoSuchMethodError'{0x00000000c3a5e9e8}: 'int java.lang.invoke.DirectMethodHandle$Holder.invokeStaticInit(java.lang.Object, java.lang.Object)'> (0x00000000c3a5e9e8) 
thrown [s\src\hotspot\share\interpreter\linkResolver.cpp, line 771]
Event: 5.138 Thread 0x00000205121db570 Exception <a 'java/lang/NoSuchMethodError'{0x00000000c393d628}: 'void java.lang.invoke.DirectMethodHandle$Holder.invokeSpecial(java.lang.Object, java.lang.Object, java.lang.Object)'> (0x00000000c393d628) 
thrown [s\src\hotspot\share\interpreter\linkResolver.cpp, line 771]
Event: 5.329 Thread 0x00000205121db570 Exception <a 'java/lang/NoSuchMethodError'{0x00000000c3662978}: 'void java.lang.invoke.DirectMethodHandle$Holder.invokeStatic(java.lang.Object, java.lang.Object, java.lang.Object, java.lang.Object)'> (0x00000000c3662978) 
thrown [s\src\hotspot\share\interpreter\linkResolver.cpp, line 771]
Event: 5.688 Thread 0x00000205121db570 Exception <a 'java/lang/NoSuchMethodError'{0x00000000c32233a0}: 'void java.lang.invoke.DirectMethodHandle$Holder.invokeStaticInit(java.lang.Object, java.lang.Object)'> (0x00000000c32233a0) 
thrown [s\src\hotspot\share\interpreter\linkResolver.cpp, line 771]
Event: 6.050 Thread 0x00000205121db570 Exception <a 'java/lang/NoSuchMethodError'{0x00000000c2daf918}: 'void java.lang.invoke.DirectMethodHandle$Holder.invokeVirtual(java.lang.Object, java.lang.Object)'> (0x00000000c2daf918) 
thrown [s\src\hotspot\share\interpreter\linkResolver.cpp, line 771]
Event: 6.061 Thread 0x00000205121db570 Exception <a 'java/lang/NoSuchMethodError'{0x00000000c2dfa970}: 'int java.lang.invoke.DirectMethodHandle$Holder.invokeVirtual(java.lang.Object, java.lang.Object)'> (0x00000000c2dfa970) 
thrown [s\src\hotspot\share\interpreter\linkResolver.cpp, line 771]
Event: 6.201 Thread 0x00000205121db570 Exception <a 'java/lang/NoSuchMethodError'{0x00000000c2c93490}: 'java.lang.Object java.lang.invoke.Invokers$Holder.invokeExact_MT(java.lang.Object, java.lang.Object, java.lang.Object, java.lang.Object, java.lang.Object, java.lang.Object)'> (0x00000000c2c93490) 
thrown [s\src\hotspot\share\interpreter\linkResolver.cpp, line 771]
Event: 8.309 Thread 0x00000205121db570 Implicit null exception at 0x000002051d199072 to 0x000002051d19968c
Event: 8.640 Thread 0x00000205121db570 Implicit null exception at 0x000002051d199cf2 to 0x000002051d19a32c
Event: 8.756 Thread 0x00000205121db570 Exception <a 'java/lang/NoSuchMethodError'{0x00000000c40bb830}: 'java.lang.Object java.lang.invoke.DirectMethodHandle$Holder.invokeVirtual(java.lang.Object, java.lang.Object, java.lang.Object)'> (0x00000000c40bb830) 
thrown [s\src\hotspot\share\interpreter\linkResolver.cpp, line 771]

VM Operations (20 events):
Event: 7.436 Executing VM operation: Cleanup done
Event: 7.614 Executing VM operation: G1CollectForAllocation
Event: 7.631 Executing VM operation: G1CollectForAllocation done
Event: 7.846 Executing VM operation: HandshakeAllThreads
Event: 7.847 Executing VM operation: HandshakeAllThreads done
Event: 7.847 Executing VM operation: HandshakeAllThreads
Event: 7.847 Executing VM operation: HandshakeAllThreads done
Event: 8.138 Executing VM operation: G1CollectForAllocation
Event: 8.154 Executing VM operation: G1CollectForAllocation done
Event: 8.512 Executing VM operation: G1CollectForAllocation
Event: 8.522 Executing VM operation: G1CollectForAllocation done
Event: 8.567 Executing VM operation: G1PauseRemark
Event: 8.571 Executing VM operation: G1PauseRemark done
Event: 8.587 Executing VM operation: G1PauseCleanup
Event: 8.597 Executing VM operation: G1PauseCleanup done
Event: 8.875 Executing VM operation: G1CollectForAllocation
Event: 8.879 Executing VM operation: G1CollectForAllocation done
Event: 8.906 Executing VM operation: G1CollectForAllocation
Event: 8.912 Executing VM operation: G1CollectForAllocation done
Event: 9.185 Executing VM operation: G1CollectForAllocation

Events (20 events):
Event: 8.363 loading class java/util/Formatter$FormatString done
Event: 8.363 loading class java/util/Formatter$FixedString done
Event: 8.363 loading class java/util/Formatter$Conversion
Event: 8.363 loading class java/util/Formatter$Conversion done
Event: 8.363 loading class java/util/Formatter$FormatSpecifier
Event: 8.364 loading class java/util/Formatter$FormatSpecifier done
Event: 8.365 loading class java/util/Formatter$Flags
Event: 8.365 loading class java/util/Formatter$Flags done
Event: 8.365 loading class java/util/Formattable
Event: 8.365 loading class java/util/Formattable done
Event: 8.656 loading class jdk/internal/misc/ScopedMemoryAccess$Scope
Event: 8.656 loading class jdk/internal/misc/ScopedMemoryAccess$Scope done
Event: 8.767 loading class java/io/EOFException
Event: 8.767 loading class java/io/EOFException done
Event: 8.980 loading class java/math/RoundingMode
Event: 8.980 loading class java/math/RoundingMode done
Event: 9.127 loading class jdk/internal/vm/annotation/IntrinsicCandidate
Event: 9.127 loading class jdk/internal/vm/annotation/IntrinsicCandidate done
Event: 9.177 loading class sun/reflect/generics/reflectiveObjects/ParameterizedTypeImpl
Event: 9.177 loading class sun/reflect/generics/reflectiveObjects/ParameterizedTypeImpl done


Dynamic libraries:
0x00007ff6abde0000 - 0x00007ff6abdea000 	C:\Program Files\Android\Android Studio\jbr\bin\java.exe
0x00007ffe03570000 - 0x00007ffe03787000 	C:\WINDOWS\SYSTEM32\ntdll.dll
0x00007ffe024b0000 - 0x00007ffe02574000 	C:\WINDOWS\System32\KERNEL32.DLL
0x00007ffe00a60000 - 0x00007ffe00e0d000 	C:\WINDOWS\System32\KERNELBASE.dll
0x00007ffe00f50000 - 0x00007ffe01061000 	C:\WINDOWS\System32\ucrtbase.dll
0x00007ffdf0a50000 - 0x00007ffdf0a67000 	C:\Program Files\Android\Android Studio\jbr\bin\jli.dll
0x00007ffe022a0000 - 0x00007ffe0244e000 	C:\WINDOWS\System32\USER32.dll
0x00007ffe00f20000 - 0x00007ffe00f46000 	C:\WINDOWS\System32\win32u.dll
0x00007ffe03430000 - 0x00007ffe03459000 	C:\WINDOWS\System32\GDI32.dll
0x00007ffe00910000 - 0x00007ffe00a29000 	C:\WINDOWS\System32\gdi32full.dll
0x00007ffe00e10000 - 0x00007ffe00eaa000 	C:\WINDOWS\System32\msvcp_win.dll
0x00007ffde8fa0000 - 0x00007ffde8fbb000 	C:\Program Files\Android\Android Studio\jbr\bin\VCRUNTIME140.dll
0x00007ffdee5a0000 - 0x00007ffdee833000 	C:\WINDOWS\WinSxS\amd64_microsoft.windows.common-controls_6595b64144ccf1df_6.0.22621.3672_none_2713b9d173822955\COMCTL32.dll
0x00007ffe01d90000 - 0x00007ffe01e37000 	C:\WINDOWS\System32\msvcrt.dll
0x00007ffe01f30000 - 0x00007ffe01f61000 	C:\WINDOWS\System32\IMM32.DLL
0x00007ffdf5420000 - 0x00007ffdf542c000 	C:\Program Files\Android\Android Studio\jbr\bin\vcruntime140_1.dll
0x00007ffd97840000 - 0x00007ffd978cd000 	C:\Program Files\Android\Android Studio\jbr\bin\msvcp140.dll
0x00007ffd938c0000 - 0x00007ffd94543000 	C:\Program Files\Android\Android Studio\jbr\bin\server\jvm.dll
0x00007ffe012b0000 - 0x00007ffe01362000 	C:\WINDOWS\System32\ADVAPI32.dll
0x00007ffe02970000 - 0x00007ffe02a19000 	C:\WINDOWS\System32\sechost.dll
0x00007ffe00a30000 - 0x00007ffe00a58000 	C:\WINDOWS\System32\bcrypt.dll
0x00007ffe020d0000 - 0x00007ffe021e4000 	C:\WINDOWS\System32\RPCRT4.dll
0x00007ffe00760000 - 0x00007ffe007ad000 	C:\WINDOWS\SYSTEM32\POWRPROF.dll
0x00007ffdfd580000 - 0x00007ffdfd589000 	C:\WINDOWS\SYSTEM32\WSOCK32.dll
0x00007ffe02860000 - 0x00007ffe028d1000 	C:\WINDOWS\System32\WS2_32.dll
0x00007ffdfe460000 - 0x00007ffdfe494000 	C:\WINDOWS\SYSTEM32\WINMM.dll
0x00007ffdf8070000 - 0x00007ffdf807a000 	C:\WINDOWS\SYSTEM32\VERSION.dll
0x00007ffe00740000 - 0x00007ffe00753000 	C:\WINDOWS\SYSTEM32\UMPDC.dll
0x00007ffdff880000 - 0x00007ffdff898000 	C:\WINDOWS\SYSTEM32\kernel.appcore.dll
0x00007ffdfa900000 - 0x00007ffdfa90a000 	C:\Program Files\Android\Android Studio\jbr\bin\jimage.dll
0x00007ffdfe220000 - 0x00007ffdfe452000 	C:\WINDOWS\SYSTEM32\DBGHELP.DLL
0x00007ffe030a0000 - 0x00007ffe0342e000 	C:\WINDOWS\System32\combase.dll
0x00007ffe01e40000 - 0x00007ffe01f17000 	C:\WINDOWS\System32\OLEAUT32.dll
0x00007ffdfe1e0000 - 0x00007ffdfe212000 	C:\WINDOWS\SYSTEM32\dbgcore.DLL
0x00007ffe00890000 - 0x00007ffe0090b000 	C:\WINDOWS\System32\bcryptPrimitives.dll
0x00007ffdf9d00000 - 0x00007ffdf9d25000 	C:\Program Files\Android\Android Studio\jbr\bin\java.dll
0x00007ffdfa8e0000 - 0x00007ffdfa8f8000 	C:\Program Files\Android\Android Studio\jbr\bin\zip.dll
0x00007ffe01370000 - 0x00007ffe01bd7000 	C:\WINDOWS\System32\SHELL32.dll
0x00007ffdfe810000 - 0x00007ffdff10f000 	C:\WINDOWS\SYSTEM32\windows.storage.dll
0x00007ffdfe6d0000 - 0x00007ffdfe80f000 	C:\WINDOWS\SYSTEM32\wintypes.dll
0x00007ffe02b20000 - 0x00007ffe02c19000 	C:\WINDOWS\System32\SHCORE.dll
0x00007ffe034d0000 - 0x00007ffe0352e000 	C:\WINDOWS\System32\shlwapi.dll
0x00007ffe007c0000 - 0x00007ffe007e7000 	C:\WINDOWS\SYSTEM32\profapi.dll
0x00007ffdfa520000 - 0x00007ffdfa539000 	C:\Program Files\Android\Android Studio\jbr\bin\net.dll
0x00007ffdfccd0000 - 0x00007ffdfce06000 	C:\WINDOWS\SYSTEM32\WINHTTP.dll
0x00007ffdffd50000 - 0x00007ffdffdb9000 	C:\WINDOWS\system32\mswsock.dll
0x00007ffdf4930000 - 0x00007ffdf4946000 	C:\Program Files\Android\Android Studio\jbr\bin\nio.dll
0x00007ffdf7460000 - 0x00007ffdf7470000 	C:\Program Files\Android\Android Studio\jbr\bin\verify.dll

dbghelp: loaded successfully - version: 4.0.5 - missing functions: none
symbol engine: initialized successfully - sym options: 0x614 - pdb path: .;C:\Program Files\Android\Android Studio\jbr\bin;C:\WINDOWS\SYSTEM32;C:\WINDOWS\WinSxS\amd64_microsoft.windows.common-controls_6595b64144ccf1df_6.0.22621.3672_none_2713b9d173822955;C:\Program Files\Android\Android Studio\jbr\bin\server

VM Arguments:
java_command: org.jetbrains.kotlin.cli.jvm.K2JVMCompiler @C:\Users\nanas\AndroidStudioProjects\StepAssist\app\build\20241003_18004990460295660155.compiler.options
java_class_path (initial): C:\Users\nanas\.gradle\caches\modules-2\files-2.1\org.jetbrains.kotlin\kotlin-compiler-embeddable\1.9.0\2c8c3a7402becca891f12739b3e9fd2dc2adbd7a\kotlin-compiler-embeddable-1.9.0.jar;C:\Users\nanas\.gradle\caches\modules-2\files-2.1\org.jetbrains.kotlin\kotlin-stdlib\1.9.0\8ee15ef0c67dc83d874f412d84378d7f0eb50b63\kotlin-stdlib-1.9.0.jar;C:\Users\nanas\.gradle\caches\modules-2\files-2.1\org.jetbrains.kotlin\kotlin-script-runtime\1.9.0\4b3102cbbb7e1b58d9d1adf89563f00069ffa7d1\kotlin-script-runtime-1.9.0.jar;C:\Users\nanas\.gradle\caches\modules-2\files-2.1\org.jetbrains.kotlin\kotlin-reflect\1.6.10\1cbe9c92c12a94eea200d23c2bbaedaf3daf5132\kotlin-reflect-1.6.10.jar;C:\Users\nanas\.gradle\caches\modules-2\files-2.1\org.jetbrains.kotlin\kotlin-daemon-embeddable\1.9.0\186543f5e28cf8d9a0290fecc2cf34301c40a65c\kotlin-daemon-embeddable-1.9.0.jar;C:\Users\nanas\.gradle\caches\modules-2\files-2.1\org.jetbrains.intellij.deps\trove4j\1.0.20200330\3afb14d5f9ceb459d724e907a21145e8ff394f02\trove4j-1.0.20200330.jar;C:\Users\nanas\.gradle\caches\modules-2\files-2.1\org.jetbrains.kotlin\kotlin-stdlib-common\1.9.0\cd65c21cfd1eec4d44ef09f9f52b6d9f8a720636\kotlin-stdlib-common-1.9.0.jar;C:\Users\nanas\.gradle\caches\modules-2\files-2.1\org.jetbrains\annotations\13.0\919f0dfe192fb4e063e7dacadee7f8bb9a2672a9\annotations-13.0.jar
Launcher Type: SUN_STANDARD

[Global flags]
     intx CICompilerCount                          = 3                                         {product} {ergonomic}
     uint ConcGCThreads                            = 1                                         {product} {ergonomic}
     uint G1ConcRefinementThreads                  = 4                                         {product} {ergonomic}
   size_t G1HeapRegionSize                         = 1048576                                   {product} {ergonomic}
    uintx GCDrainStackTargetSize                   = 64                                        {product} {ergonomic}
   size_t InitialHeapSize                          = 67108864                                  {product} {ergonomic}
   size_t MarkStackSize                            = 4194304                                   {product} {ergonomic}
   size_t MaxHeapSize                              = 1042284544                                {product} {ergonomic}
   size_t MaxNewSize                               = 624951296                                 {product} {ergonomic}
   size_t MinHeapDeltaBytes                        = 1048576                                   {product} {ergonomic}
   size_t MinHeapSize                              = 8388608                                   {product} {ergonomic}
    uintx NonNMethodCodeHeapSize                   = 5832780                                {pd product} {ergonomic}
    uintx NonProfiledCodeHeapSize                  = 122912730                              {pd product} {ergonomic}
    uintx ProfiledCodeHeapSize                     = 122912730                              {pd product} {ergonomic}
    uintx ReservedCodeCacheSize                    = 251658240                              {pd product} {ergonomic}
     bool SegmentedCodeCache                       = true                                      {product} {ergonomic}
   size_t SoftMaxHeapSize                          = 1042284544                             {manageable} {ergonomic}
     bool UseCompressedClassPointers               = true                           {product lp64_product} {ergonomic}
     bool UseCompressedOops                        = true                           {product lp64_product} {ergonomic}
     bool UseG1GC                                  = true                                      {product} {ergonomic}
     bool UseLargePagesIndividualAllocation        = false                                  {pd product} {ergonomic}

Logging:
Log output configuration:
 #0: stdout all=warning uptime,level,tags
 #1: stderr all=off uptime,level,tags

Environment Variables:
PATH=C:\WINDOWS\system32;C:\WINDOWS;C:\WINDOWS\System32\Wbem;C:\WINDOWS\System32\WindowsPowerShell\v1.0\;C:\WINDOWS\System32\OpenSSH\;C:\Program Files (x86)\Intel\Intel(R) Management Engine Components\DAL;C:\Program Files\Intel\Intel(R) Management Engine Components\DAL;C:\Program Files\Microsoft SQL Server\Client SDK\ODBC\170\Tools\Binn\;C:\Program Files (x86)\Microsoft SQL Server\150\Tools\Binn\;C:\Program Files\Microsoft SQL Server\150\Tools\Binn\;C:\Program Files\Microsoft SQL Server\150\DTS\Binn\;C:\Program Files (x86)\Microsoft SQL Server\160\DTS\Binn\;C:\Program Files (x86)\Microsoft SQL Server\160\Tools\Binn\;C:\Program Files\Microsoft SQL Server\160\Tools\Binn\;C:\Program Files\Microsoft SQL Server\160\DTS\Binn\;C:\Program Files\Azure Data Studio\bin;C:\Program Files\Git\cmd;C:\Users\nanas\AppData\Local\Microsoft\WindowsApps;C:\Users\nanas\AppData\Local\Programs\Microsoft VS Code\bin;C:\Program Files\Azure Data Studio\bin
USERNAME=nanas
OS=Windows_NT
PROCESSOR_IDENTIFIER=Intel64 Family 6 Model 142 Stepping 11, GenuineIntel
TMP=C:\Users\nanas\AppData\Local\Temp
TEMP=C:\Users\nanas\AppData\Local\Temp



Periodic native trim disabled

JNI global refs:
JNI global refs: 7, weak refs: 0

JNI global refs memory usage: 843, weak refs: 841

Process memory usage:
Resident Set Size: 142168K (3% of 4066176K total physical memory with 198468K free physical memory)

OOME stack traces (most recent first):
Classloader memory used:
Loader jdk.internal.loader.ClassLoaders$AppClassLoader                                 : 3240K
Loader bootstrap                                                                       : 1245K
Loader java.net.URLClassLoader                                                         : 19120B
Loader jdk.internal.reflect.DelegatingClassLoader                                      : 5114B


---------------  S Y S T E M  ---------------

OS:
 Windows 11 , 64 bit Build 22621 (10.0.22621.3958)
OS uptime: 1 days 4:14 hours

CPU: total 4 (initial active 4) (2 cores per cpu, 2 threads per core) family 6 model 142 stepping 11 microcode 0xde, cx8, cmov, fxsr, ht, mmx, 3dnowpref, sse, sse2, sse3, ssse3, sse4.1, sse4.2, popcnt, lzcnt, tsc, tscinvbit, avx, avx2, aes, erms, clmul, bmi1, bmi2, adx, fma, vzeroupper, clflush, clflushopt
Processor Information for all 4 processors :
  Max Mhz: 2304, Current Mhz: 2103, Mhz Limit: 2096

Memory: 4k page, system-wide physical 3970M (193M free)
TotalPageFile size 16258M (AvailPageFile size 14M)
current process WorkingSet (physical memory assigned to process): 138M, peak: 138M
current process commit charge ("private bytes"): 168M, peak: 189M

vm_info: OpenJDK 64-Bit Server VM (17.0.11+0--11852314) for windows-amd64 JRE (17.0.11+0--11852314), built on May 16 2024 21:29:20 by "androidbuild" with MS VC++ 16.10 / 16.11 (VS2019)

END.
